CRITICAL - 2022-07-11 03:17:31 --> syntax error, unexpected '...' (T_ELLIPSIS)
#0 C:\xampp\htdocs\lab_uas_praktikum\ci4\system\View\View.php(213): CodeIgniter\View\View->CodeIgniter\View\{closure}()
#1 C:\xampp\htdocs\lab_uas_praktikum\ci4\system\Common.php(1089): CodeIgniter\View\View->render('user/login', Array, true)
#2 C:\xampp\htdocs\lab_uas_praktikum\ci4\app\Controllers\User.php(24): view('user/login')
#3 C:\xampp\htdocs\lab_uas_praktikum\ci4\system\CodeIgniter.php(832): App\Controllers\User->login()
#4 C:\xampp\htdocs\lab_uas_praktikum\ci4\system\CodeIgniter.php(419): CodeIgniter\CodeIgniter->runController(Object(App\Controllers\User))
#5 C:\xampp\htdocs\lab_uas_praktikum\ci4\system\CodeIgniter.php(326): CodeIgniter\CodeIgniter->handleRequest(NULL, Object(Config\Cache), false)
#6 C:\xampp\htdocs\lab_uas_praktikum\ci4\public\index.php(37): CodeIgniter\CodeIgniter->run()
#7 C:\xampp\htdocs\lab_uas_praktikum\ci4\system\Commands\Server\rewrite.php(43): require_once('C:\\xampp\\htdocs...')
#8 {main}
CRITICAL - 2022-07-11 03:19:55 --> syntax error, unexpected '...' (T_ELLIPSIS)
#0 C:\xampp\htdocs\lab_uas_praktikum\ci4\system\View\View.php(213): CodeIgniter\View\View->CodeIgniter\View\{closure}()
#1 C:\xampp\htdocs\lab_uas_praktikum\ci4\system\Common.php(1089): CodeIgniter\View\View->render('user/login', Array, true)
#2 C:\xampp\htdocs\lab_uas_praktikum\ci4\app\Controllers\User.php(24): view('user/login')
#3 C:\xampp\htdocs\lab_uas_praktikum\ci4\system\CodeIgniter.php(832): App\Controllers\User->login()
#4 C:\xampp\htdocs\lab_uas_praktikum\ci4\system\CodeIgniter.php(419): CodeIgniter\CodeIgniter->runController(Object(App\Controllers\User))
#5 C:\xampp\htdocs\lab_uas_praktikum\ci4\system\CodeIgniter.php(326): CodeIgniter\CodeIgniter->handleRequest(NULL, Object(Config\Cache), false)
#6 C:\xampp\htdocs\lab_uas_praktikum\ci4\public\index.php(37): CodeIgniter\CodeIgniter->run()
#7 C:\xampp\htdocs\lab_uas_praktikum\ci4\system\Commands\Server\rewrite.php(43): require_once('C:\\xampp\\htdocs...')
#8 {main}
CRITICAL - 2022-07-11 03:23:01 --> syntax error, unexpected '...' (T_ELLIPSIS)
#0 C:\xampp\htdocs\lab_uas_praktikum\ci4\system\View\View.php(213): CodeIgniter\View\View->CodeIgniter\View\{closure}()
#1 C:\xampp\htdocs\lab_uas_praktikum\ci4\system\Common.php(1089): CodeIgniter\View\View->render('user/login', Array, true)
#2 C:\xampp\htdocs\lab_uas_praktikum\ci4\app\Controllers\User.php(24): view('user/login')
#3 C:\xampp\htdocs\lab_uas_praktikum\ci4\system\CodeIgniter.php(832): App\Controllers\User->login()
#4 C:\xampp\htdocs\lab_uas_praktikum\ci4\system\CodeIgniter.php(419): CodeIgniter\CodeIgniter->runController(Object(App\Controllers\User))
#5 C:\xampp\htdocs\lab_uas_praktikum\ci4\system\CodeIgniter.php(326): CodeIgniter\CodeIgniter->handleRequest(NULL, Object(Config\Cache), false)
#6 C:\xampp\htdocs\lab_uas_praktikum\ci4\public\index.php(37): CodeIgniter\CodeIgniter->run()
#7 C:\xampp\htdocs\lab_uas_praktikum\ci4\system\Commands\Server\rewrite.php(43): require_once('C:\\xampp\\htdocs...')
#8 {main}
